                                      1 ;--------------------------------------------------------
                                      2 ; File Created by SDCC : free open source ISO C Compiler
                                      3 ; Version 4.5.0 #15242 (MINGW64)
                                      4 ;--------------------------------------------------------
                                      5 	.module main
                                      6 	
                                      7 	.optsdcc -mmcs51 --model-small
                                      8 ;--------------------------------------------------------
                                      9 ; Public variables in this module
                                     10 ;--------------------------------------------------------
                                     11 	.globl _main
                                     12 	.globl _delay
                                     13 	.globl _TF2
                                     14 	.globl _EXF2
                                     15 	.globl _RCLK
                                     16 	.globl _TCLK
                                     17 	.globl _EXEN2
                                     18 	.globl _TR2
                                     19 	.globl _C_T2
                                     20 	.globl _CP_RL2
                                     21 	.globl _T2CON_7
                                     22 	.globl _T2CON_6
                                     23 	.globl _T2CON_5
                                     24 	.globl _T2CON_4
                                     25 	.globl _T2CON_3
                                     26 	.globl _T2CON_2
                                     27 	.globl _T2CON_1
                                     28 	.globl _T2CON_0
                                     29 	.globl _PT2
                                     30 	.globl _ET2
                                     31 	.globl _CY
                                     32 	.globl _AC
                                     33 	.globl _F0
                                     34 	.globl _RS1
                                     35 	.globl _RS0
                                     36 	.globl _OV
                                     37 	.globl _F1
                                     38 	.globl _P
                                     39 	.globl _PS
                                     40 	.globl _PT1
                                     41 	.globl _PX1
                                     42 	.globl _PT0
                                     43 	.globl _PX0
                                     44 	.globl _RD
                                     45 	.globl _WR
                                     46 	.globl _T1
                                     47 	.globl _T0
                                     48 	.globl _INT1
                                     49 	.globl _INT0
                                     50 	.globl _TXD
                                     51 	.globl _RXD
                                     52 	.globl _P3_7
                                     53 	.globl _P3_6
                                     54 	.globl _P3_5
                                     55 	.globl _P3_4
                                     56 	.globl _P3_3
                                     57 	.globl _P3_2
                                     58 	.globl _P3_1
                                     59 	.globl _P3_0
                                     60 	.globl _EA
                                     61 	.globl _ES
                                     62 	.globl _ET1
                                     63 	.globl _EX1
                                     64 	.globl _ET0
                                     65 	.globl _EX0
                                     66 	.globl _P2_7
                                     67 	.globl _P2_6
                                     68 	.globl _P2_5
                                     69 	.globl _P2_4
                                     70 	.globl _P2_3
                                     71 	.globl _P2_2
                                     72 	.globl _P2_1
                                     73 	.globl _P2_0
                                     74 	.globl _SM0
                                     75 	.globl _SM1
                                     76 	.globl _SM2
                                     77 	.globl _REN
                                     78 	.globl _TB8
                                     79 	.globl _RB8
                                     80 	.globl _TI
                                     81 	.globl _RI
                                     82 	.globl _P1_7
                                     83 	.globl _P1_6
                                     84 	.globl _P1_5
                                     85 	.globl _P1_4
                                     86 	.globl _P1_3
                                     87 	.globl _P1_2
                                     88 	.globl _P1_1
                                     89 	.globl _P1_0
                                     90 	.globl _TF1
                                     91 	.globl _TR1
                                     92 	.globl _TF0
                                     93 	.globl _TR0
                                     94 	.globl _IE1
                                     95 	.globl _IT1
                                     96 	.globl _IE0
                                     97 	.globl _IT0
                                     98 	.globl _P0_7
                                     99 	.globl _P0_6
                                    100 	.globl _P0_5
                                    101 	.globl _P0_4
                                    102 	.globl _P0_3
                                    103 	.globl _P0_2
                                    104 	.globl _P0_1
                                    105 	.globl _P0_0
                                    106 	.globl _P3M1
                                    107 	.globl _P3M0
                                    108 	.globl _TH2
                                    109 	.globl _TL2
                                    110 	.globl _RCAP2H
                                    111 	.globl _RCAP2L
                                    112 	.globl _T2CON
                                    113 	.globl _B
                                    114 	.globl _ACC
                                    115 	.globl _PSW
                                    116 	.globl _IP
                                    117 	.globl _P3
                                    118 	.globl _IE
                                    119 	.globl _P2
                                    120 	.globl _SBUF
                                    121 	.globl _SCON
                                    122 	.globl _P1
                                    123 	.globl _TH1
                                    124 	.globl _TH0
                                    125 	.globl _TL1
                                    126 	.globl _TL0
                                    127 	.globl _TMOD
                                    128 	.globl _TCON
                                    129 	.globl _PCON
                                    130 	.globl _DPH
                                    131 	.globl _DPL
                                    132 	.globl _SP
                                    133 	.globl _P0
                                    134 ;--------------------------------------------------------
                                    135 ; special function registers
                                    136 ;--------------------------------------------------------
                                    137 	.area RSEG    (ABS,DATA)
      000000                        138 	.org 0x0000
                           000080   139 _P0	=	0x0080
                           000081   140 _SP	=	0x0081
                           000082   141 _DPL	=	0x0082
                           000083   142 _DPH	=	0x0083
                           000087   143 _PCON	=	0x0087
                           000088   144 _TCON	=	0x0088
                           000089   145 _TMOD	=	0x0089
                           00008A   146 _TL0	=	0x008a
                           00008B   147 _TL1	=	0x008b
                           00008C   148 _TH0	=	0x008c
                           00008D   149 _TH1	=	0x008d
                           000090   150 _P1	=	0x0090
                           000098   151 _SCON	=	0x0098
                           000099   152 _SBUF	=	0x0099
                           0000A0   153 _P2	=	0x00a0
                           0000A8   154 _IE	=	0x00a8
                           0000B0   155 _P3	=	0x00b0
                           0000B8   156 _IP	=	0x00b8
                           0000D0   157 _PSW	=	0x00d0
                           0000E0   158 _ACC	=	0x00e0
                           0000F0   159 _B	=	0x00f0
                           0000C8   160 _T2CON	=	0x00c8
                           0000CA   161 _RCAP2L	=	0x00ca
                           0000CB   162 _RCAP2H	=	0x00cb
                           0000CC   163 _TL2	=	0x00cc
                           0000CD   164 _TH2	=	0x00cd
                           0000B2   165 _P3M0	=	0x00b2
                           0000B1   166 _P3M1	=	0x00b1
                                    167 ;--------------------------------------------------------
                                    168 ; special function bits
                                    169 ;--------------------------------------------------------
                                    170 	.area RSEG    (ABS,DATA)
      000000                        171 	.org 0x0000
                           000080   172 _P0_0	=	0x0080
                           000081   173 _P0_1	=	0x0081
                           000082   174 _P0_2	=	0x0082
                           000083   175 _P0_3	=	0x0083
                           000084   176 _P0_4	=	0x0084
                           000085   177 _P0_5	=	0x0085
                           000086   178 _P0_6	=	0x0086
                           000087   179 _P0_7	=	0x0087
                           000088   180 _IT0	=	0x0088
                           000089   181 _IE0	=	0x0089
                           00008A   182 _IT1	=	0x008a
                           00008B   183 _IE1	=	0x008b
                           00008C   184 _TR0	=	0x008c
                           00008D   185 _TF0	=	0x008d
                           00008E   186 _TR1	=	0x008e
                           00008F   187 _TF1	=	0x008f
                           000090   188 _P1_0	=	0x0090
                           000091   189 _P1_1	=	0x0091
                           000092   190 _P1_2	=	0x0092
                           000093   191 _P1_3	=	0x0093
                           000094   192 _P1_4	=	0x0094
                           000095   193 _P1_5	=	0x0095
                           000096   194 _P1_6	=	0x0096
                           000097   195 _P1_7	=	0x0097
                           000098   196 _RI	=	0x0098
                           000099   197 _TI	=	0x0099
                           00009A   198 _RB8	=	0x009a
                           00009B   199 _TB8	=	0x009b
                           00009C   200 _REN	=	0x009c
                           00009D   201 _SM2	=	0x009d
                           00009E   202 _SM1	=	0x009e
                           00009F   203 _SM0	=	0x009f
                           0000A0   204 _P2_0	=	0x00a0
                           0000A1   205 _P2_1	=	0x00a1
                           0000A2   206 _P2_2	=	0x00a2
                           0000A3   207 _P2_3	=	0x00a3
                           0000A4   208 _P2_4	=	0x00a4
                           0000A5   209 _P2_5	=	0x00a5
                           0000A6   210 _P2_6	=	0x00a6
                           0000A7   211 _P2_7	=	0x00a7
                           0000A8   212 _EX0	=	0x00a8
                           0000A9   213 _ET0	=	0x00a9
                           0000AA   214 _EX1	=	0x00aa
                           0000AB   215 _ET1	=	0x00ab
                           0000AC   216 _ES	=	0x00ac
                           0000AF   217 _EA	=	0x00af
                           0000B0   218 _P3_0	=	0x00b0
                           0000B1   219 _P3_1	=	0x00b1
                           0000B2   220 _P3_2	=	0x00b2
                           0000B3   221 _P3_3	=	0x00b3
                           0000B4   222 _P3_4	=	0x00b4
                           0000B5   223 _P3_5	=	0x00b5
                           0000B6   224 _P3_6	=	0x00b6
                           0000B7   225 _P3_7	=	0x00b7
                           0000B0   226 _RXD	=	0x00b0
                           0000B1   227 _TXD	=	0x00b1
                           0000B2   228 _INT0	=	0x00b2
                           0000B3   229 _INT1	=	0x00b3
                           0000B4   230 _T0	=	0x00b4
                           0000B5   231 _T1	=	0x00b5
                           0000B6   232 _WR	=	0x00b6
                           0000B7   233 _RD	=	0x00b7
                           0000B8   234 _PX0	=	0x00b8
                           0000B9   235 _PT0	=	0x00b9
                           0000BA   236 _PX1	=	0x00ba
                           0000BB   237 _PT1	=	0x00bb
                           0000BC   238 _PS	=	0x00bc
                           0000D0   239 _P	=	0x00d0
                           0000D1   240 _F1	=	0x00d1
                           0000D2   241 _OV	=	0x00d2
                           0000D3   242 _RS0	=	0x00d3
                           0000D4   243 _RS1	=	0x00d4
                           0000D5   244 _F0	=	0x00d5
                           0000D6   245 _AC	=	0x00d6
                           0000D7   246 _CY	=	0x00d7
                           0000AD   247 _ET2	=	0x00ad
                           0000BD   248 _PT2	=	0x00bd
                           0000C8   249 _T2CON_0	=	0x00c8
                           0000C9   250 _T2CON_1	=	0x00c9
                           0000CA   251 _T2CON_2	=	0x00ca
                           0000CB   252 _T2CON_3	=	0x00cb
                           0000CC   253 _T2CON_4	=	0x00cc
                           0000CD   254 _T2CON_5	=	0x00cd
                           0000CE   255 _T2CON_6	=	0x00ce
                           0000CF   256 _T2CON_7	=	0x00cf
                           0000C8   257 _CP_RL2	=	0x00c8
                           0000C9   258 _C_T2	=	0x00c9
                           0000CA   259 _TR2	=	0x00ca
                           0000CB   260 _EXEN2	=	0x00cb
                           0000CC   261 _TCLK	=	0x00cc
                           0000CD   262 _RCLK	=	0x00cd
                           0000CE   263 _EXF2	=	0x00ce
                           0000CF   264 _TF2	=	0x00cf
                                    265 ;--------------------------------------------------------
                                    266 ; overlayable register banks
                                    267 ;--------------------------------------------------------
                                    268 	.area REG_BANK_0	(REL,OVR,DATA)
      000000                        269 	.ds 8
                                    270 ;--------------------------------------------------------
                                    271 ; internal ram data
                                    272 ;--------------------------------------------------------
                                    273 	.area DSEG    (DATA)
                                    274 ;--------------------------------------------------------
                                    275 ; overlayable items in internal ram
                                    276 ;--------------------------------------------------------
                                    277 	.area	OSEG    (OVR,DATA)
                                    278 ;--------------------------------------------------------
                                    279 ; Stack segment in internal ram
                                    280 ;--------------------------------------------------------
                                    281 	.area SSEG
      000000                        282 __start__stack:
      000000                        283 	.ds	1
                                    284 
                                    285 ;--------------------------------------------------------
                                    286 ; indirectly addressable internal ram data
                                    287 ;--------------------------------------------------------
                                    288 	.area ISEG    (DATA)
                                    289 ;--------------------------------------------------------
                                    290 ; absolute internal ram data
                                    291 ;--------------------------------------------------------
                                    292 	.area IABS    (ABS,DATA)
                                    293 	.area IABS    (ABS,DATA)
                                    294 ;--------------------------------------------------------
                                    295 ; bit data
                                    296 ;--------------------------------------------------------
                                    297 	.area BSEG    (BIT)
                                    298 ;--------------------------------------------------------
                                    299 ; paged external ram data
                                    300 ;--------------------------------------------------------
                                    301 	.area PSEG    (PAG,XDATA)
                                    302 ;--------------------------------------------------------
                                    303 ; uninitialized external ram data
                                    304 ;--------------------------------------------------------
                                    305 	.area XSEG    (XDATA)
                                    306 ;--------------------------------------------------------
                                    307 ; absolute external ram data
                                    308 ;--------------------------------------------------------
                                    309 	.area XABS    (ABS,XDATA)
                                    310 ;--------------------------------------------------------
                                    311 ; initialized external ram data
                                    312 ;--------------------------------------------------------
                                    313 	.area XISEG   (XDATA)
                                    314 	.area HOME    (CODE)
                                    315 	.area GSINIT0 (CODE)
                                    316 	.area GSINIT1 (CODE)
                                    317 	.area GSINIT2 (CODE)
                                    318 	.area GSINIT3 (CODE)
                                    319 	.area GSINIT4 (CODE)
                                    320 	.area GSINIT5 (CODE)
                                    321 	.area GSINIT  (CODE)
                                    322 	.area GSFINAL (CODE)
                                    323 	.area CSEG    (CODE)
                                    324 ;--------------------------------------------------------
                                    325 ; interrupt vector
                                    326 ;--------------------------------------------------------
                                    327 	.area HOME    (CODE)
      000000                        328 __interrupt_vect:
      000000 02r00r00         [24]  329 	ljmp	__sdcc_gsinit_startup
                                    330 ; restartable atomic support routines
      000003                        331 	.ds	5
      000008                        332 sdcc_atomic_exchange_rollback_start::
      000008 00               [12]  333 	nop
      000009 00               [12]  334 	nop
      00000A                        335 sdcc_atomic_exchange_pdata_impl:
      00000A E2               [24]  336 	movx	a, @r0
      00000B FB               [12]  337 	mov	r3, a
      00000C EA               [12]  338 	mov	a, r2
      00000D F2               [24]  339 	movx	@r0, a
      00000E 80 2C            [24]  340 	sjmp	sdcc_atomic_exchange_exit
      000010 00               [12]  341 	nop
      000011 00               [12]  342 	nop
      000012                        343 sdcc_atomic_exchange_xdata_impl:
      000012 E0               [24]  344 	movx	a, @dptr
      000013 FB               [12]  345 	mov	r3, a
      000014 EA               [12]  346 	mov	a, r2
      000015 F0               [24]  347 	movx	@dptr, a
      000016 80 24            [24]  348 	sjmp	sdcc_atomic_exchange_exit
      000018                        349 sdcc_atomic_compare_exchange_idata_impl:
      000018 E6               [12]  350 	mov	a, @r0
      000019 B5 02 02         [24]  351 	cjne	a, ar2, .+#5
      00001C EB               [12]  352 	mov	a, r3
      00001D F6               [12]  353 	mov	@r0, a
      00001E 22               [24]  354 	ret
      00001F 00               [12]  355 	nop
      000020                        356 sdcc_atomic_compare_exchange_pdata_impl:
      000020 E2               [24]  357 	movx	a, @r0
      000021 B5 02 02         [24]  358 	cjne	a, ar2, .+#5
      000024 EB               [12]  359 	mov	a, r3
      000025 F2               [24]  360 	movx	@r0, a
      000026 22               [24]  361 	ret
      000027 00               [12]  362 	nop
      000028                        363 sdcc_atomic_compare_exchange_xdata_impl:
      000028 E0               [24]  364 	movx	a, @dptr
      000029 B5 02 02         [24]  365 	cjne	a, ar2, .+#5
      00002C EB               [12]  366 	mov	a, r3
      00002D F0               [24]  367 	movx	@dptr, a
      00002E 22               [24]  368 	ret
      00002F                        369 sdcc_atomic_exchange_rollback_end::
                                    370 
      00002F                        371 sdcc_atomic_exchange_gptr_impl::
      00002F 30 F6 E0         [24]  372 	jnb	b.6, sdcc_atomic_exchange_xdata_impl
      000032 A8 82            [24]  373 	mov	r0, dpl
      000034 20 F5 D3         [24]  374 	jb	b.5, sdcc_atomic_exchange_pdata_impl
      000037                        375 sdcc_atomic_exchange_idata_impl:
      000037 EA               [12]  376 	mov	a, r2
      000038 C6               [12]  377 	xch	a, @r0
      000039 F5 82            [12]  378 	mov	dpl, a
      00003B 22               [24]  379 	ret
      00003C                        380 sdcc_atomic_exchange_exit:
      00003C 8B 82            [24]  381 	mov	dpl, r3
      00003E 22               [24]  382 	ret
      00003F                        383 sdcc_atomic_compare_exchange_gptr_impl::
      00003F 30 F6 E6         [24]  384 	jnb	b.6, sdcc_atomic_compare_exchange_xdata_impl
      000042 A8 82            [24]  385 	mov	r0, dpl
      000044 20 F5 D9         [24]  386 	jb	b.5, sdcc_atomic_compare_exchange_pdata_impl
      000047 80 CF            [24]  387 	sjmp	sdcc_atomic_compare_exchange_idata_impl
                                    388 ;--------------------------------------------------------
                                    389 ; global & static initialisations
                                    390 ;--------------------------------------------------------
                                    391 	.area HOME    (CODE)
                                    392 	.area GSINIT  (CODE)
                                    393 	.area GSFINAL (CODE)
                                    394 	.area GSINIT  (CODE)
                                    395 	.globl __sdcc_gsinit_startup
                                    396 	.globl __sdcc_program_startup
                                    397 	.globl __start__stack
                                    398 	.globl __mcs51_genXINIT
                                    399 	.globl __mcs51_genXRAMCLEAR
                                    400 	.globl __mcs51_genRAMCLEAR
                                    401 	.area GSFINAL (CODE)
      000000 02r00r49         [24]  402 	ljmp	__sdcc_program_startup
                                    403 ;--------------------------------------------------------
                                    404 ; Home
                                    405 ;--------------------------------------------------------
                                    406 	.area HOME    (CODE)
                                    407 	.area HOME    (CODE)
      000049                        408 __sdcc_program_startup:
      000049 02r00r24         [24]  409 	ljmp	_main
                                    410 ;	return from main will return to caller
                                    411 ;--------------------------------------------------------
                                    412 ; code
                                    413 ;--------------------------------------------------------
                                    414 	.area CSEG    (CODE)
                                    415 ;------------------------------------------------------------
                                    416 ;Allocation info for local variables in function 'delay'
                                    417 ;------------------------------------------------------------
                                    418 ;i             Allocated to registers r7 
                                    419 ;j             Allocated to registers r5 r6 
                                    420 ;k             Allocated to registers r3 r4 
                                    421 ;------------------------------------------------------------
                                    422 ;	main.c:6: void delay(void)
                                    423 ;	-----------------------------------------
                                    424 ;	 function delay
                                    425 ;	-----------------------------------------
      000000                        426 _delay:
                           000007   427 	ar7 = 0x07
                           000006   428 	ar6 = 0x06
                           000005   429 	ar5 = 0x05
                           000004   430 	ar4 = 0x04
                           000003   431 	ar3 = 0x03
                           000002   432 	ar2 = 0x02
                           000001   433 	ar1 = 0x01
                           000000   434 	ar0 = 0x00
                                    435 ;	main.c:9: for(i=0;i<8;i++)
      000000 7F 00            [12]  436 	mov	r7,#0x00
                                    437 ;	main.c:10: for(j=0;j<256;j++)
      000002                        438 00115$:
      000002 7D 00            [12]  439 	mov	r5,#0x00
      000004 7E 00            [12]  440 	mov	r6,#0x00
                                    441 ;	main.c:11: for(k=0;k<256;k++);
      000006                        442 00113$:
      000006 7B 00            [12]  443 	mov	r3,#0x00
      000008 7C 01            [12]  444 	mov	r4,#0x01
      00000A                        445 00106$:
      00000A 1B               [12]  446 	dec	r3
      00000B BB FF 01         [24]  447 	cjne	r3,#0xff,00146$
      00000E 1C               [12]  448 	dec	r4
      00000F                        449 00146$:
      00000F EB               [12]  450 	mov	a,r3
      000010 4C               [12]  451 	orl	a,r4
      000011 70 F7            [24]  452 	jnz	00106$
                                    453 ;	main.c:10: for(j=0;j<256;j++)
      000013 0D               [12]  454 	inc	r5
      000014 BD 00 01         [24]  455 	cjne	r5,#0x00,00148$
      000017 0E               [12]  456 	inc	r6
      000018                        457 00148$:
      000018 74 FF            [12]  458 	mov	a,#0x100 - 0x01
      00001A 2E               [12]  459 	add	a,r6
      00001B 50 E9            [24]  460 	jnc	00113$
                                    461 ;	main.c:9: for(i=0;i<8;i++)
      00001D 0F               [12]  462 	inc	r7
      00001E BF 08 00         [24]  463 	cjne	r7,#0x08,00150$
      000021                        464 00150$:
      000021 40 DF            [24]  465 	jc	00115$
                                    466 ;	main.c:12: }
      000023 22               [24]  467 	ret
                                    468 ;------------------------------------------------------------
                                    469 ;Allocation info for local variables in function 'main'
                                    470 ;------------------------------------------------------------
                                    471 ;	main.c:14: void main(void)
                                    472 ;	-----------------------------------------
                                    473 ;	 function main
                                    474 ;	-----------------------------------------
      000024                        475 _main:
                                    476 ;	main.c:16: P3M0 = 0x00;   // quasi mode
      000024 75 B2 00         [24]  477 	mov	_P3M0,#0x00
                                    478 ;	main.c:17: P3M1 = 0x00;
      000027 75 B1 00         [24]  479 	mov	_P3M1,#0x00
                                    480 ;	main.c:19: while(1)
      00002A                        481 00102$:
                                    482 ;	main.c:21: P3_3 = 0;
                                    483 ;	assignBit
      00002A C2 B3            [12]  484 	clr	_P3_3
                                    485 ;	main.c:22: delay();
      00002C 12r00r00         [24]  486 	lcall	_delay
                                    487 ;	main.c:23: P3_3 = 1;
                                    488 ;	assignBit
      00002F D2 B3            [12]  489 	setb	_P3_3
                                    490 ;	main.c:24: delay();
      000031 12r00r00         [24]  491 	lcall	_delay
                                    492 ;	main.c:26: }
      000034 80 F4            [24]  493 	sjmp	00102$
                                    494 	.area CSEG    (CODE)
                                    495 	.area CONST   (CODE)
                                    496 	.area XINIT   (CODE)
                                    497 	.area CABS    (ABS,CODE)
